[debug] [2024-08-04T00:47:29.311Z] ----------------------------------------------------------------------
[debug] [2024-08-04T00:47:29.317Z] Command:       /Users/sumy/.nvm/versions/node/v20.12.0/bin/node /Users/sumy/.nvm/versions/node/v20.12.0/bin/firebase apphosting:backends:create --project alpine-figure-414421 --location us-central1
[debug] [2024-08-04T00:47:29.317Z] CLI Version:   13.15.0
[debug] [2024-08-04T00:47:29.317Z] Platform:      darwin
[debug] [2024-08-04T00:47:29.317Z] Node Version:  v20.12.0
[debug] [2024-08-04T00:47:29.317Z] Time:          Sat Aug 03 2024 20:47:29 GMT-0400 (Eastern Daylight Time)
[debug] [2024-08-04T00:47:29.317Z] ----------------------------------------------------------------------
[debug] 
[debug] [2024-08-04T00:47:29.357Z] >>> [apiv2][query] GET https://serviceusage.googleapis.com/v1/projects/alpine-figure-414421/services/firebaseapphosting.googleapis.com [none]
[debug] [2024-08-04T00:47:29.357Z] >>> [apiv2][(partial)header] GET https://serviceusage.googleapis.com/v1/projects/alpine-figure-414421/services/firebaseapphosting.googleapis.com x-goog-quota-user=projects/alpine-figure-414421
[debug] [2024-08-04T00:47:29.806Z] <<< [apiv2][status] GET https://serviceusage.googleapis.com/v1/projects/alpine-figure-414421/services/firebaseapphosting.googleapis.com 200
[debug] [2024-08-04T00:47:29.806Z] <<< [apiv2][body] GET https://serviceusage.googleapis.com/v1/projects/alpine-figure-414421/services/firebaseapphosting.googleapis.com [omitted]
[debug] [2024-08-04T00:47:29.807Z] >>> [apiv2][query] GET https://mobilesdk-pa.googleapis.com/v1/accessmanagement/tos:getStatus [none]
[debug] [2024-08-04T00:47:29.998Z] <<< [apiv2][status] GET https://mobilesdk-pa.googleapis.com/v1/accessmanagement/tos:getStatus 200
[debug] [2024-08-04T00:47:29.998Z] <<< [apiv2][body] GET https://mobilesdk-pa.googleapis.com/v1/accessmanagement/tos:getStatus {"overallStatus":"ACCEPTED","uTosStatus":{"tos":{"id":"firebase","tosId":"FIREBASE_UNIVERSAL"},"status":"ACCEPTED"},"childTosStatus":[{"tos":{"id":"cloud","tosId":"CLOUD_PLATFORM"},"status":"ACCEPTED"},{"tos":{"id":"firebase_b2b","tosId":"FIREBASE_B2B"},"status":"ACCEPTED"},{"tos":{"id":"universal","tosId":"GOOGLE_APIS"},"status":"ACCEPTED"}],"termsUrl":"https://firebase.google.com/terms","perServiceStatus":[{"tosId":"APP_CHECK","serviceStatus":{"tos":{"id":"app_check","tosId":"APP_CHECK"},"status":"ACCEPTED"}},{"tosId":"APP_HOSTING_TOS","serviceStatus":{"tos":{"id":"app_hosting","tosId":"APP_HOSTING_TOS"},"status":"ACCEPTED"}},{"tosId":"APP_HOSTING_TOS","serviceStatus":{"tos":{"id":"app_hosting","tosId":"APP_HOSTING_TOS"},"status":"ACCEPTED"}},{"tosId":"CORE_APPS","serviceStatus":{"tos":{"id":"core_apps","tosId":"CORE_APPS"},"status":"ACCEPTED"}},{"tosId":"FIREBASE_CRASHLYTICS_APP_DISTRIBUTION","serviceStatus":{"tos":{"id":"firebase_crashlytics_app_distribution","tosId":"FIREBASE_CRASHLYTICS_APP_DISTRIBUTION"},"status":"ACCEPTED"}},{"tosId":"GENERATIVE_LANGUAGE","serviceStatus":{"tos":{"id":"generative-language-api","tosId":"GENERATIVE_LANGUAGE"},"status":"ACCEPTED"}},{"tosId":"FIREBASE_DATA_CONNECT","serviceStatus":{"tos":{"id":"data_connect","tosId":"FIREBASE_DATA_CONNECT"},"status":"ACCEPTED"}}]}
[debug] [2024-08-04T00:47:30.000Z] >>> [apiv2][query] GET https://serviceusage.googleapis.com/v1/projects/alpine-figure-414421/services/developerconnect.googleapis.com [none]
[debug] [2024-08-04T00:47:30.000Z] >>> [apiv2][(partial)header] GET https://serviceusage.googleapis.com/v1/projects/alpine-figure-414421/services/developerconnect.googleapis.com x-goog-quota-user=projects/alpine-figure-414421
[debug] [2024-08-04T00:47:30.001Z] >>> [apiv2][query] GET https://serviceusage.googleapis.com/v1/projects/alpine-figure-414421/services/cloudbuild.googleapis.com [none]
[debug] [2024-08-04T00:47:30.001Z] >>> [apiv2][(partial)header] GET https://serviceusage.googleapis.com/v1/projects/alpine-figure-414421/services/cloudbuild.googleapis.com x-goog-quota-user=projects/alpine-figure-414421
[debug] [2024-08-04T00:47:30.003Z] >>> [apiv2][query] GET https://serviceusage.googleapis.com/v1/projects/alpine-figure-414421/services/secretmanager.googleapis.com [none]
[debug] [2024-08-04T00:47:30.003Z] >>> [apiv2][(partial)header] GET https://serviceusage.googleapis.com/v1/projects/alpine-figure-414421/services/secretmanager.googleapis.com x-goog-quota-user=projects/alpine-figure-414421
[debug] [2024-08-04T00:47:30.005Z] >>> [apiv2][query] GET https://serviceusage.googleapis.com/v1/projects/alpine-figure-414421/services/run.googleapis.com [none]
[debug] [2024-08-04T00:47:30.005Z] >>> [apiv2][(partial)header] GET https://serviceusage.googleapis.com/v1/projects/alpine-figure-414421/services/run.googleapis.com x-goog-quota-user=projects/alpine-figure-414421
[debug] [2024-08-04T00:47:30.007Z] >>> [apiv2][query] GET https://serviceusage.googleapis.com/v1/projects/alpine-figure-414421/services/artifactregistry.googleapis.com [none]
[debug] [2024-08-04T00:47:30.007Z] >>> [apiv2][(partial)header] GET https://serviceusage.googleapis.com/v1/projects/alpine-figure-414421/services/artifactregistry.googleapis.com x-goog-quota-user=projects/alpine-figure-414421
[debug] [2024-08-04T00:47:30.009Z] >>> [apiv2][query] GET https://serviceusage.googleapis.com/v1/projects/alpine-figure-414421/services/iam.googleapis.com [none]
[debug] [2024-08-04T00:47:30.009Z] >>> [apiv2][(partial)header] GET https://serviceusage.googleapis.com/v1/projects/alpine-figure-414421/services/iam.googleapis.com x-goog-quota-user=projects/alpine-figure-414421
[debug] [2024-08-04T00:47:30.314Z] <<< [apiv2][status] GET https://serviceusage.googleapis.com/v1/projects/alpine-figure-414421/services/cloudbuild.googleapis.com 200
[debug] [2024-08-04T00:47:30.314Z] <<< [apiv2][body] GET https://serviceusage.googleapis.com/v1/projects/alpine-figure-414421/services/cloudbuild.googleapis.com [omitted]
[debug] [2024-08-04T00:47:30.324Z] <<< [apiv2][status] GET https://serviceusage.googleapis.com/v1/projects/alpine-figure-414421/services/run.googleapis.com 200
[debug] [2024-08-04T00:47:30.325Z] <<< [apiv2][body] GET https://serviceusage.googleapis.com/v1/projects/alpine-figure-414421/services/run.googleapis.com [omitted]
[debug] [2024-08-04T00:47:30.333Z] <<< [apiv2][status] GET https://serviceusage.googleapis.com/v1/projects/alpine-figure-414421/services/developerconnect.googleapis.com 200
[debug] [2024-08-04T00:47:30.333Z] <<< [apiv2][body] GET https://serviceusage.googleapis.com/v1/projects/alpine-figure-414421/services/developerconnect.googleapis.com [omitted]
[debug] [2024-08-04T00:47:30.337Z] <<< [apiv2][status] GET https://serviceusage.googleapis.com/v1/projects/alpine-figure-414421/services/secretmanager.googleapis.com 200
[debug] [2024-08-04T00:47:30.337Z] <<< [apiv2][body] GET https://serviceusage.googleapis.com/v1/projects/alpine-figure-414421/services/secretmanager.googleapis.com [omitted]
[debug] [2024-08-04T00:47:30.378Z] <<< [apiv2][status] GET https://serviceusage.googleapis.com/v1/projects/alpine-figure-414421/services/iam.googleapis.com 200
[debug] [2024-08-04T00:47:30.379Z] <<< [apiv2][body] GET https://serviceusage.googleapis.com/v1/projects/alpine-figure-414421/services/iam.googleapis.com [omitted]
[debug] [2024-08-04T00:47:30.414Z] <<< [apiv2][status] GET https://serviceusage.googleapis.com/v1/projects/alpine-figure-414421/services/artifactregistry.googleapis.com 200
[debug] [2024-08-04T00:47:30.414Z] <<< [apiv2][body] GET https://serviceusage.googleapis.com/v1/projects/alpine-figure-414421/services/artifactregistry.googleapis.com [omitted]
[debug] [2024-08-04T00:47:30.415Z] >>> [apiv2][query] POST https://iam.googleapis.com/v1/projects/alpine-figure-414421/serviceAccounts/firebase-app-hosting-compute@alpine-figure-414421.iam.gserviceaccount.com:testIamPermissions [none]
[debug] [2024-08-04T00:47:30.415Z] >>> [apiv2][(partial)header] POST https://iam.googleapis.com/v1/projects/alpine-figure-414421/serviceAccounts/firebase-app-hosting-compute@alpine-figure-414421.iam.gserviceaccount.com:testIamPermissions x-goog-quota-user=projects/alpine-figure-414421
[debug] [2024-08-04T00:47:30.416Z] >>> [apiv2][body] POST https://iam.googleapis.com/v1/projects/alpine-figure-414421/serviceAccounts/firebase-app-hosting-compute@alpine-figure-414421.iam.gserviceaccount.com:testIamPermissions {"permissions":["iam.serviceAccounts.actAs"]}
[debug] [2024-08-04T00:47:30.749Z] <<< [apiv2][status] POST https://iam.googleapis.com/v1/projects/alpine-figure-414421/serviceAccounts/firebase-app-hosting-compute@alpine-figure-414421.iam.gserviceaccount.com:testIamPermissions 200
[debug] [2024-08-04T00:47:30.749Z] <<< [apiv2][body] POST https://iam.googleapis.com/v1/projects/alpine-figure-414421/serviceAccounts/firebase-app-hosting-compute@alpine-figure-414421.iam.gserviceaccount.com:testIamPermissions {"permissions":["iam.serviceAccounts.actAs"]}
[debug] [2024-08-04T00:47:30.750Z] >>> [apiv2][query] GET https://firebaseapphosting.googleapis.com/v1alpha/projects/alpine-figure-414421/locations 
[debug] [2024-08-04T00:47:31.287Z] <<< [apiv2][status] GET https://firebaseapphosting.googleapis.com/v1alpha/projects/alpine-figure-414421/locations 200
[debug] [2024-08-04T00:47:31.288Z] <<< [apiv2][body] GET https://firebaseapphosting.googleapis.com/v1alpha/projects/alpine-figure-414421/locations {"locations":[{"name":"projects/alpine-figure-414421/locations/us-central1","locationId":"us-central1"}]}
[info] i  === Import a GitHub repository 
[debug] [2024-08-04T00:47:31.291Z] >>> [apiv2][query] GET https://developerconnect.googleapis.com/v1/projects/alpine-figure-414421/locations/us-central1/connections/firebase-app-hosting-github-oauth [none]
[debug] [2024-08-04T00:47:31.766Z] <<< [apiv2][status] GET https://developerconnect.googleapis.com/v1/projects/alpine-figure-414421/locations/us-central1/connections/firebase-app-hosting-github-oauth 200
[debug] [2024-08-04T00:47:31.766Z] <<< [apiv2][body] GET https://developerconnect.googleapis.com/v1/projects/alpine-figure-414421/locations/us-central1/connections/firebase-app-hosting-github-oauth {"name":"projects/alpine-figure-414421/locations/us-central1/connections/firebase-app-hosting-github-oauth","createTime":"2024-08-04T00:47:23.020918083Z","updateTime":"2024-08-04T00:47:23.092620115Z","githubConfig":{"githubApp":"FIREBASE"},"installationState":{"stage":"PENDING_USER_OAUTH","message":"Please log in to https://github.com using a robot account and then follow this link to authorize Developer Connect to access that account. After authorization, your GitHub authorization token will be stored in Cloud Secret Manager.","actionUri":"https://accounts.google.com/AccountChooser?continue=https%3A%2F%2Fconsole.cloud.google.com%2Fdeveloper-connect%2Ffinish-setup%3Fstate%3D%257B%2522connection%2522%253A%2B%2522projects%252Falpine-figure-414421%252Flocations%252Fus-central1%252Fconnections%252Ffirebase-app-hosting-github-oauth%2522%257D"}}
[info] i  Please authorize the Firebase GitHub app by visiting this url: 
[info] i  	http://localhost:9005 
[debug] [2024-08-04T00:52:00.413Z] ----------------------------------------------------------------------
[debug] [2024-08-04T00:52:00.419Z] Command:       /Users/sumy/.nvm/versions/node/v20.12.0/bin/node /Users/sumy/.nvm/versions/node/v20.12.0/bin/firebase apphosting:backends:create --project alpine-figure-414421 --location us-central1
[debug] [2024-08-04T00:52:00.419Z] CLI Version:   13.15.0
[debug] [2024-08-04T00:52:00.419Z] Platform:      darwin
[debug] [2024-08-04T00:52:00.419Z] Node Version:  v20.12.0
[debug] [2024-08-04T00:52:00.419Z] Time:          Sat Aug 03 2024 20:52:00 GMT-0400 (Eastern Daylight Time)
[debug] [2024-08-04T00:52:00.420Z] ----------------------------------------------------------------------
[debug] 
[debug] [2024-08-04T00:52:00.459Z] >>> [apiv2][query] GET https://serviceusage.googleapis.com/v1/projects/alpine-figure-414421/services/firebaseapphosting.googleapis.com [none]
[debug] [2024-08-04T00:52:00.459Z] >>> [apiv2][(partial)header] GET https://serviceusage.googleapis.com/v1/projects/alpine-figure-414421/services/firebaseapphosting.googleapis.com x-goog-quota-user=projects/alpine-figure-414421
[debug] [2024-08-04T00:52:00.939Z] <<< [apiv2][status] GET https://serviceusage.googleapis.com/v1/projects/alpine-figure-414421/services/firebaseapphosting.googleapis.com 200
[debug] [2024-08-04T00:52:00.940Z] <<< [apiv2][body] GET https://serviceusage.googleapis.com/v1/projects/alpine-figure-414421/services/firebaseapphosting.googleapis.com [omitted]
[debug] [2024-08-04T00:52:00.940Z] >>> [apiv2][query] GET https://mobilesdk-pa.googleapis.com/v1/accessmanagement/tos:getStatus [none]
[debug] [2024-08-04T00:52:01.112Z] <<< [apiv2][status] GET https://mobilesdk-pa.googleapis.com/v1/accessmanagement/tos:getStatus 200
[debug] [2024-08-04T00:52:01.113Z] <<< [apiv2][body] GET https://mobilesdk-pa.googleapis.com/v1/accessmanagement/tos:getStatus {"overallStatus":"ACCEPTED","uTosStatus":{"tos":{"id":"firebase","tosId":"FIREBASE_UNIVERSAL"},"status":"ACCEPTED"},"childTosStatus":[{"tos":{"id":"cloud","tosId":"CLOUD_PLATFORM"},"status":"ACCEPTED"},{"tos":{"id":"firebase_b2b","tosId":"FIREBASE_B2B"},"status":"ACCEPTED"},{"tos":{"id":"universal","tosId":"GOOGLE_APIS"},"status":"ACCEPTED"}],"termsUrl":"https://firebase.google.com/terms","perServiceStatus":[{"tosId":"APP_CHECK","serviceStatus":{"tos":{"id":"app_check","tosId":"APP_CHECK"},"status":"ACCEPTED"}},{"tosId":"APP_HOSTING_TOS","serviceStatus":{"tos":{"id":"app_hosting","tosId":"APP_HOSTING_TOS"},"status":"ACCEPTED"}},{"tosId":"APP_HOSTING_TOS","serviceStatus":{"tos":{"id":"app_hosting","tosId":"APP_HOSTING_TOS"},"status":"ACCEPTED"}},{"tosId":"CORE_APPS","serviceStatus":{"tos":{"id":"core_apps","tosId":"CORE_APPS"},"status":"ACCEPTED"}},{"tosId":"FIREBASE_CRASHLYTICS_APP_DISTRIBUTION","serviceStatus":{"tos":{"id":"firebase_crashlytics_app_distribution","tosId":"FIREBASE_CRASHLYTICS_APP_DISTRIBUTION"},"status":"ACCEPTED"}},{"tosId":"GENERATIVE_LANGUAGE","serviceStatus":{"tos":{"id":"generative-language-api","tosId":"GENERATIVE_LANGUAGE"},"status":"ACCEPTED"}},{"tosId":"FIREBASE_DATA_CONNECT","serviceStatus":{"tos":{"id":"data_connect","tosId":"FIREBASE_DATA_CONNECT"},"status":"ACCEPTED"}}]}
[debug] [2024-08-04T00:52:01.115Z] >>> [apiv2][query] GET https://serviceusage.googleapis.com/v1/projects/alpine-figure-414421/services/developerconnect.googleapis.com [none]
[debug] [2024-08-04T00:52:01.116Z] >>> [apiv2][(partial)header] GET https://serviceusage.googleapis.com/v1/projects/alpine-figure-414421/services/developerconnect.googleapis.com x-goog-quota-user=projects/alpine-figure-414421
[debug] [2024-08-04T00:52:01.117Z] >>> [apiv2][query] GET https://serviceusage.googleapis.com/v1/projects/alpine-figure-414421/services/cloudbuild.googleapis.com [none]
[debug] [2024-08-04T00:52:01.117Z] >>> [apiv2][(partial)header] GET https://serviceusage.googleapis.com/v1/projects/alpine-figure-414421/services/cloudbuild.googleapis.com x-goog-quota-user=projects/alpine-figure-414421
[debug] [2024-08-04T00:52:01.120Z] >>> [apiv2][query] GET https://serviceusage.googleapis.com/v1/projects/alpine-figure-414421/services/secretmanager.googleapis.com [none]
[debug] [2024-08-04T00:52:01.120Z] >>> [apiv2][(partial)header] GET https://serviceusage.googleapis.com/v1/projects/alpine-figure-414421/services/secretmanager.googleapis.com x-goog-quota-user=projects/alpine-figure-414421
[debug] [2024-08-04T00:52:01.122Z] >>> [apiv2][query] GET https://serviceusage.googleapis.com/v1/projects/alpine-figure-414421/services/run.googleapis.com [none]
[debug] [2024-08-04T00:52:01.122Z] >>> [apiv2][(partial)header] GET https://serviceusage.googleapis.com/v1/projects/alpine-figure-414421/services/run.googleapis.com x-goog-quota-user=projects/alpine-figure-414421
[debug] [2024-08-04T00:52:01.124Z] >>> [apiv2][query] GET https://serviceusage.googleapis.com/v1/projects/alpine-figure-414421/services/artifactregistry.googleapis.com [none]
[debug] [2024-08-04T00:52:01.124Z] >>> [apiv2][(partial)header] GET https://serviceusage.googleapis.com/v1/projects/alpine-figure-414421/services/artifactregistry.googleapis.com x-goog-quota-user=projects/alpine-figure-414421
[debug] [2024-08-04T00:52:01.126Z] >>> [apiv2][query] GET https://serviceusage.googleapis.com/v1/projects/alpine-figure-414421/services/iam.googleapis.com [none]
[debug] [2024-08-04T00:52:01.126Z] >>> [apiv2][(partial)header] GET https://serviceusage.googleapis.com/v1/projects/alpine-figure-414421/services/iam.googleapis.com x-goog-quota-user=projects/alpine-figure-414421
[debug] [2024-08-04T00:52:01.456Z] <<< [apiv2][status] GET https://serviceusage.googleapis.com/v1/projects/alpine-figure-414421/services/cloudbuild.googleapis.com 200
[debug] [2024-08-04T00:52:01.457Z] <<< [apiv2][body] GET https://serviceusage.googleapis.com/v1/projects/alpine-figure-414421/services/cloudbuild.googleapis.com [omitted]
[debug] [2024-08-04T00:52:01.457Z] <<< [apiv2][status] GET https://serviceusage.googleapis.com/v1/projects/alpine-figure-414421/services/developerconnect.googleapis.com 200
[debug] [2024-08-04T00:52:01.457Z] <<< [apiv2][body] GET https://serviceusage.googleapis.com/v1/projects/alpine-figure-414421/services/developerconnect.googleapis.com [omitted]
[debug] [2024-08-04T00:52:01.458Z] <<< [apiv2][status] GET https://serviceusage.googleapis.com/v1/projects/alpine-figure-414421/services/iam.googleapis.com 200
[debug] [2024-08-04T00:52:01.458Z] <<< [apiv2][body] GET https://serviceusage.googleapis.com/v1/projects/alpine-figure-414421/services/iam.googleapis.com [omitted]
[debug] [2024-08-04T00:52:01.459Z] <<< [apiv2][status] GET https://serviceusage.googleapis.com/v1/projects/alpine-figure-414421/services/run.googleapis.com 200
[debug] [2024-08-04T00:52:01.459Z] <<< [apiv2][body] GET https://serviceusage.googleapis.com/v1/projects/alpine-figure-414421/services/run.googleapis.com [omitted]
[debug] [2024-08-04T00:52:01.480Z] <<< [apiv2][status] GET https://serviceusage.googleapis.com/v1/projects/alpine-figure-414421/services/secretmanager.googleapis.com 200
[debug] [2024-08-04T00:52:01.480Z] <<< [apiv2][body] GET https://serviceusage.googleapis.com/v1/projects/alpine-figure-414421/services/secretmanager.googleapis.com [omitted]
[debug] [2024-08-04T00:52:01.488Z] <<< [apiv2][status] GET https://serviceusage.googleapis.com/v1/projects/alpine-figure-414421/services/artifactregistry.googleapis.com 200
[debug] [2024-08-04T00:52:01.488Z] <<< [apiv2][body] GET https://serviceusage.googleapis.com/v1/projects/alpine-figure-414421/services/artifactregistry.googleapis.com [omitted]
[debug] [2024-08-04T00:52:01.489Z] >>> [apiv2][query] POST https://iam.googleapis.com/v1/projects/alpine-figure-414421/serviceAccounts/firebase-app-hosting-compute@alpine-figure-414421.iam.gserviceaccount.com:testIamPermissions [none]
[debug] [2024-08-04T00:52:01.489Z] >>> [apiv2][(partial)header] POST https://iam.googleapis.com/v1/projects/alpine-figure-414421/serviceAccounts/firebase-app-hosting-compute@alpine-figure-414421.iam.gserviceaccount.com:testIamPermissions x-goog-quota-user=projects/alpine-figure-414421
[debug] [2024-08-04T00:52:01.489Z] >>> [apiv2][body] POST https://iam.googleapis.com/v1/projects/alpine-figure-414421/serviceAccounts/firebase-app-hosting-compute@alpine-figure-414421.iam.gserviceaccount.com:testIamPermissions {"permissions":["iam.serviceAccounts.actAs"]}
[debug] [2024-08-04T00:52:01.659Z] <<< [apiv2][status] POST https://iam.googleapis.com/v1/projects/alpine-figure-414421/serviceAccounts/firebase-app-hosting-compute@alpine-figure-414421.iam.gserviceaccount.com:testIamPermissions 200
[debug] [2024-08-04T00:52:01.660Z] <<< [apiv2][body] POST https://iam.googleapis.com/v1/projects/alpine-figure-414421/serviceAccounts/firebase-app-hosting-compute@alpine-figure-414421.iam.gserviceaccount.com:testIamPermissions {"permissions":["iam.serviceAccounts.actAs"]}
[debug] [2024-08-04T00:52:01.662Z] >>> [apiv2][query] GET https://firebaseapphosting.googleapis.com/v1alpha/projects/alpine-figure-414421/locations 
[debug] [2024-08-04T00:52:01.924Z] <<< [apiv2][status] GET https://firebaseapphosting.googleapis.com/v1alpha/projects/alpine-figure-414421/locations 200
[debug] [2024-08-04T00:52:01.924Z] <<< [apiv2][body] GET https://firebaseapphosting.googleapis.com/v1alpha/projects/alpine-figure-414421/locations {"locations":[{"name":"projects/alpine-figure-414421/locations/us-central1","locationId":"us-central1"}]}
[info] i  === Import a GitHub repository 
[debug] [2024-08-04T00:52:01.928Z] >>> [apiv2][query] GET https://developerconnect.googleapis.com/v1/projects/alpine-figure-414421/locations/us-central1/connections/firebase-app-hosting-github-oauth [none]
[debug] [2024-08-04T00:52:02.182Z] <<< [apiv2][status] GET https://developerconnect.googleapis.com/v1/projects/alpine-figure-414421/locations/us-central1/connections/firebase-app-hosting-github-oauth 200
[debug] [2024-08-04T00:52:02.183Z] <<< [apiv2][body] GET https://developerconnect.googleapis.com/v1/projects/alpine-figure-414421/locations/us-central1/connections/firebase-app-hosting-github-oauth {"name":"projects/alpine-figure-414421/locations/us-central1/connections/firebase-app-hosting-github-oauth","createTime":"2024-08-04T00:47:23.020918083Z","updateTime":"2024-08-04T00:47:23.092620115Z","githubConfig":{"githubApp":"FIREBASE"},"installationState":{"stage":"PENDING_USER_OAUTH","message":"Please log in to https://github.com using a robot account and then follow this link to authorize Developer Connect to access that account. After authorization, your GitHub authorization token will be stored in Cloud Secret Manager.","actionUri":"https://accounts.google.com/AccountChooser?continue=https%3A%2F%2Fconsole.cloud.google.com%2Fdeveloper-connect%2Ffinish-setup%3Fstate%3D%257B%2522connection%2522%253A%2B%2522projects%252Falpine-figure-414421%252Flocations%252Fus-central1%252Fconnections%252Ffirebase-app-hosting-github-oauth%2522%257D"}}
[info] i  Please authorize the Firebase GitHub app by visiting this url: 
[info] i  	http://localhost:9005 
[debug] [2024-08-04T00:52:46.163Z] >>> [apiv2][query] GET https://developerconnect.googleapis.com/v1/projects/alpine-figure-414421/locations/us-central1/connections/firebase-app-hosting-github-oauth [none]
[debug] [2024-08-04T00:52:46.422Z] <<< [apiv2][status] GET https://developerconnect.googleapis.com/v1/projects/alpine-figure-414421/locations/us-central1/connections/firebase-app-hosting-github-oauth 200
[debug] [2024-08-04T00:52:46.422Z] <<< [apiv2][body] GET https://developerconnect.googleapis.com/v1/projects/alpine-figure-414421/locations/us-central1/connections/firebase-app-hosting-github-oauth {"name":"projects/alpine-figure-414421/locations/us-central1/connections/firebase-app-hosting-github-oauth","createTime":"2024-08-04T00:47:23.020918083Z","updateTime":"2024-08-04T00:52:40.572419409Z","githubConfig":{"githubApp":"FIREBASE","authorizerCredential":{"oauthTokenSecretVersion":"projects/alpine-figure-414421/secrets/firebase-app-hosting-github-oauth-github-oauthtoken-120fec/versions/latest","username":"SumyGanas"},"appInstallationId":"53453177","installationUri":"https://github.com/settings/installations/53453177"},"installationState":{"stage":"COMPLETE"}}
[info] ✔  Connected with GitHub successfully
 
[debug] [2024-08-04T00:52:46.424Z] >>> [apiv2][query] GET https://developerconnect.googleapis.com/v1/projects/alpine-figure-414421/locations/us-central1/connections/firebase-app-hosting-github-oauth:fetchGitHubInstallations [none]
[debug] [2024-08-04T00:52:46.711Z] <<< [apiv2][status] GET https://developerconnect.googleapis.com/v1/projects/alpine-figure-414421/locations/us-central1/connections/firebase-app-hosting-github-oauth:fetchGitHubInstallations 200
[debug] [2024-08-04T00:52:46.711Z] <<< [apiv2][body] GET https://developerconnect.googleapis.com/v1/projects/alpine-figure-414421/locations/us-central1/connections/firebase-app-hosting-github-oauth:fetchGitHubInstallations {"installations":[{"id":"53453177","name":"SumyGanas","type":"user"}]}
[debug] [2024-08-04T00:52:49.989Z] >>> [apiv2][query] GET https://developerconnect.googleapis.com/v1/projects/alpine-figure-414421/locations/us-central1/connections pageSize=1000&pageToken=
[debug] [2024-08-04T00:52:50.073Z] <<< [apiv2][status] GET https://developerconnect.googleapis.com/v1/projects/alpine-figure-414421/locations/us-central1/connections 200
[debug] [2024-08-04T00:52:50.074Z] <<< [apiv2][body] GET https://developerconnect.googleapis.com/v1/projects/alpine-figure-414421/locations/us-central1/connections {"connections":[{"name":"projects/alpine-figure-414421/locations/us-central1/connections/firebase-app-hosting-github-oauth","createTime":"2024-08-04T00:47:23.020918083Z","updateTime":"2024-08-04T00:52:40.572419409Z","githubConfig":{"githubApp":"FIREBASE","authorizerCredential":{"oauthTokenSecretVersion":"projects/alpine-figure-414421/secrets/firebase-app-hosting-github-oauth-github-oauthtoken-120fec/versions/latest","username":"SumyGanas"},"appInstallationId":"53453177","installationUri":"https://github.com/settings/installations/53453177"},"installationState":{"stage":"COMPLETE"}}]}
[debug] [2024-08-04T00:52:50.076Z] >>> [apiv2][query] POST https://developerconnect.googleapis.com/v1/projects/alpine-figure-414421/locations/us-central1/connections connectionId=apphosting-github-conn-756ifg9
[debug] [2024-08-04T00:52:50.076Z] >>> [apiv2][body] POST https://developerconnect.googleapis.com/v1/projects/alpine-figure-414421/locations/us-central1/connections {"githubConfig":{"appInstallationId":"53453177","authorizerCredential":{"oauthTokenSecretVersion":"projects/alpine-figure-414421/secrets/firebase-app-hosting-github-oauth-github-oauthtoken-120fec/versions/latest","username":"SumyGanas"},"githubApp":"FIREBASE"}}
[debug] [2024-08-04T00:52:50.248Z] <<< [apiv2][status] POST https://developerconnect.googleapis.com/v1/projects/alpine-figure-414421/locations/us-central1/connections 200
[debug] [2024-08-04T00:52:50.249Z] <<< [apiv2][body] POST https://developerconnect.googleapis.com/v1/projects/alpine-figure-414421/locations/us-central1/connections {"name":"projects/alpine-figure-414421/locations/us-central1/operations/operation-1722732770173-61ed0facf2086-986beb80-a227b1f7","metadata":{"@type":"type.googleapis.com/google.cloud.developerconnect.v1.OperationMetadata","createTime":"2024-08-04T00:52:50.248208746Z","target":"projects/alpine-figure-414421/locations/us-central1/connections/apphosting-github-conn-756ifg9","verb":"create","requestedCancellation":false,"apiVersion":"v1"},"done":false}
[debug] [2024-08-04T00:52:50.251Z] >>> [apiv2][query] GET https://developerconnect.googleapis.com/v1/projects/alpine-figure-414421/locations/us-central1/operations/operation-1722732770173-61ed0facf2086-986beb80-a227b1f7 [none]
[debug] [2024-08-04T00:52:50.343Z] <<< [apiv2][status] GET https://developerconnect.googleapis.com/v1/projects/alpine-figure-414421/locations/us-central1/operations/operation-1722732770173-61ed0facf2086-986beb80-a227b1f7 200
[debug] [2024-08-04T00:52:50.343Z] <<< [apiv2][body] GET https://developerconnect.googleapis.com/v1/projects/alpine-figure-414421/locations/us-central1/operations/operation-1722732770173-61ed0facf2086-986beb80-a227b1f7 {"name":"projects/alpine-figure-414421/locations/us-central1/operations/operation-1722732770173-61ed0facf2086-986beb80-a227b1f7","metadata":{"@type":"type.googleapis.com/google.cloud.developerconnect.v1.OperationMetadata","createTime":"2024-08-04T00:52:50.248208746Z","target":"projects/alpine-figure-414421/locations/us-central1/connections/apphosting-github-conn-756ifg9","verb":"create","requestedCancellation":false,"apiVersion":"v1"},"done":false}
[debug] [2024-08-04T00:52:50.845Z] [create-us-central1-apphosting-github-conn-756ifg9] Retrying task index 0
[debug] [2024-08-04T00:52:50.846Z] >>> [apiv2][query] GET https://developerconnect.googleapis.com/v1/projects/alpine-figure-414421/locations/us-central1/operations/operation-1722732770173-61ed0facf2086-986beb80-a227b1f7 [none]
[debug] [2024-08-04T00:52:50.941Z] <<< [apiv2][status] GET https://developerconnect.googleapis.com/v1/projects/alpine-figure-414421/locations/us-central1/operations/operation-1722732770173-61ed0facf2086-986beb80-a227b1f7 200
[debug] [2024-08-04T00:52:50.942Z] <<< [apiv2][body] GET https://developerconnect.googleapis.com/v1/projects/alpine-figure-414421/locations/us-central1/operations/operation-1722732770173-61ed0facf2086-986beb80-a227b1f7 {"name":"projects/alpine-figure-414421/locations/us-central1/operations/operation-1722732770173-61ed0facf2086-986beb80-a227b1f7","metadata":{"@type":"type.googleapis.com/google.cloud.developerconnect.v1.OperationMetadata","createTime":"2024-08-04T00:52:50.248208746Z","endTime":"2024-08-04T00:52:50.734197030Z","target":"projects/alpine-figure-414421/locations/us-central1/connections/apphosting-github-conn-756ifg9","verb":"create","requestedCancellation":false,"apiVersion":"v1"},"done":true,"response":{"@type":"type.googleapis.com/google.cloud.developerconnect.v1.Connection","name":"projects/alpine-figure-414421/locations/us-central1/connections/apphosting-github-conn-756ifg9","createTime":"2024-08-04T00:52:50.242878806Z","updateTime":"2024-08-04T00:52:50.242878806Z","githubConfig":{"githubApp":"FIREBASE","authorizerCredential":{"oauthTokenSecretVersion":"projects/alpine-figure-414421/secrets/firebase-app-hosting-github-oauth-github-oauthtoken-120fec/versions/latest","username":"SumyGanas"},"appInstallationId":"53453177","installationUri":"https://github.com/settings/installations/53453177"},"installationState":{"stage":"COMPLETE"}}}
[debug] [2024-08-04T00:52:50.943Z] >>> [apiv2][query] GET https://developerconnect.googleapis.com/v1/projects/alpine-figure-414421/locations/us-central1/connections/apphosting-github-conn-756ifg9:fetchLinkableGitRepositories pageSize=1000&pageToken=
[debug] [2024-08-04T00:52:51.214Z] <<< [apiv2][status] GET https://developerconnect.googleapis.com/v1/projects/alpine-figure-414421/locations/us-central1/connections/apphosting-github-conn-756ifg9:fetchLinkableGitRepositories 200
[debug] [2024-08-04T00:52:51.215Z] <<< [apiv2][body] GET https://developerconnect.googleapis.com/v1/projects/alpine-figure-414421/locations/us-central1/connections/apphosting-github-conn-756ifg9:fetchLinkableGitRepositories {"linkableGitRepositories":[{"cloneUri":"https://github.com/SumyGanas/CodingPortfolio.git"}]}
[debug] [2024-08-04T00:52:53.094Z] >>> [apiv2][query] GET https://developerconnect.googleapis.com/v1/projects/alpine-figure-414421/locations/us-central1/connections/apphosting-github-conn-756ifg9 [none]
[debug] [2024-08-04T00:52:53.177Z] <<< [apiv2][status] GET https://developerconnect.googleapis.com/v1/projects/alpine-figure-414421/locations/us-central1/connections/apphosting-github-conn-756ifg9 200
[debug] [2024-08-04T00:52:53.177Z] <<< [apiv2][body] GET https://developerconnect.googleapis.com/v1/projects/alpine-figure-414421/locations/us-central1/connections/apphosting-github-conn-756ifg9 {"name":"projects/alpine-figure-414421/locations/us-central1/connections/apphosting-github-conn-756ifg9","createTime":"2024-08-04T00:52:50.242878806Z","updateTime":"2024-08-04T00:52:50.761578868Z","githubConfig":{"githubApp":"FIREBASE","authorizerCredential":{"oauthTokenSecretVersion":"projects/alpine-figure-414421/secrets/firebase-app-hosting-github-oauth-github-oauthtoken-120fec/versions/latest","username":"SumyGanas"},"appInstallationId":"53453177","installationUri":"https://github.com/settings/installations/53453177"},"installationState":{"stage":"COMPLETE"}}
[debug] [2024-08-04T00:52:53.177Z] >>> [apiv2][query] GET https://developerconnect.googleapis.com/v1/projects/alpine-figure-414421/locations/us-central1/connections/apphosting-github-conn-756ifg9/gitRepositoryLinks/SumyGanas-CodingPortfolio [none]
[debug] [2024-08-04T00:52:53.264Z] <<< [apiv2][status] GET https://developerconnect.googleapis.com/v1/projects/alpine-figure-414421/locations/us-central1/connections/apphosting-github-conn-756ifg9/gitRepositoryLinks/SumyGanas-CodingPortfolio 404
[debug] [2024-08-04T00:52:53.264Z] <<< [apiv2][body] GET https://developerconnect.googleapis.com/v1/projects/alpine-figure-414421/locations/us-central1/connections/apphosting-github-conn-756ifg9/gitRepositoryLinks/SumyGanas-CodingPortfolio {"error":{"code":404,"message":"Resource 'projects/alpine-figure-414421/locations/us-central1/connections/apphosting-github-conn-756ifg9/gitRepositoryLinks/SumyGanas-CodingPortfolio' was not found","status":"NOT_FOUND","details":[{"@type":"type.googleapis.com/google.rpc.ResourceInfo","resourceName":"projects/alpine-figure-414421/locations/us-central1/connections/apphosting-github-conn-756ifg9/gitRepositoryLinks/SumyGanas-CodingPortfolio"}]}}
[debug] [2024-08-04T00:52:53.267Z] >>> [apiv2][query] POST https://developerconnect.googleapis.com/v1/projects/alpine-figure-414421/locations/us-central1/connections/apphosting-github-conn-756ifg9/gitRepositoryLinks gitRepositoryLinkId=SumyGanas-CodingPortfolio
[debug] [2024-08-04T00:52:53.267Z] >>> [apiv2][body] POST https://developerconnect.googleapis.com/v1/projects/alpine-figure-414421/locations/us-central1/connections/apphosting-github-conn-756ifg9/gitRepositoryLinks {"cloneUri":"https://github.com/SumyGanas/CodingPortfolio.git"}
[debug] [2024-08-04T00:52:53.391Z] <<< [apiv2][status] POST https://developerconnect.googleapis.com/v1/projects/alpine-figure-414421/locations/us-central1/connections/apphosting-github-conn-756ifg9/gitRepositoryLinks 200
[debug] [2024-08-04T00:52:53.391Z] <<< [apiv2][body] POST https://developerconnect.googleapis.com/v1/projects/alpine-figure-414421/locations/us-central1/connections/apphosting-github-conn-756ifg9/gitRepositoryLinks {"name":"projects/alpine-figure-414421/locations/us-central1/operations/operation-1722732773378-61ed0fb000b2c-0ccb6533-48fb9da9","metadata":{"@type":"type.googleapis.com/google.cloud.developerconnect.v1.OperationMetadata","createTime":"2024-08-04T00:52:53.393309860Z","target":"projects/alpine-figure-414421/locations/us-central1/connections/apphosting-github-conn-756ifg9/gitRepositoryLinks/SumyGanas-CodingPortfolio","verb":"create","requestedCancellation":false,"apiVersion":"v1"},"done":false}
[debug] [2024-08-04T00:52:53.392Z] >>> [apiv2][query] GET https://developerconnect.googleapis.com/v1/projects/alpine-figure-414421/locations/us-central1/operations/operation-1722732773378-61ed0fb000b2c-0ccb6533-48fb9da9 [none]
[debug] [2024-08-04T00:52:53.465Z] <<< [apiv2][status] GET https://developerconnect.googleapis.com/v1/projects/alpine-figure-414421/locations/us-central1/operations/operation-1722732773378-61ed0fb000b2c-0ccb6533-48fb9da9 200
[debug] [2024-08-04T00:52:53.465Z] <<< [apiv2][body] GET https://developerconnect.googleapis.com/v1/projects/alpine-figure-414421/locations/us-central1/operations/operation-1722732773378-61ed0fb000b2c-0ccb6533-48fb9da9 {"name":"projects/alpine-figure-414421/locations/us-central1/operations/operation-1722732773378-61ed0fb000b2c-0ccb6533-48fb9da9","metadata":{"@type":"type.googleapis.com/google.cloud.developerconnect.v1.OperationMetadata","createTime":"2024-08-04T00:52:53.393309860Z","target":"projects/alpine-figure-414421/locations/us-central1/connections/apphosting-github-conn-756ifg9/gitRepositoryLinks/SumyGanas-CodingPortfolio","verb":"create","requestedCancellation":false,"apiVersion":"v1"},"done":false}
[debug] [2024-08-04T00:52:53.967Z] [create-us-central1-apphosting-github-conn-756ifg9-SumyGanas-CodingPortfolio] Retrying task index 0
[debug] [2024-08-04T00:52:53.968Z] >>> [apiv2][query] GET https://developerconnect.googleapis.com/v1/projects/alpine-figure-414421/locations/us-central1/operations/operation-1722732773378-61ed0fb000b2c-0ccb6533-48fb9da9 [none]
[debug] [2024-08-04T00:52:54.046Z] <<< [apiv2][status] GET https://developerconnect.googleapis.com/v1/projects/alpine-figure-414421/locations/us-central1/operations/operation-1722732773378-61ed0fb000b2c-0ccb6533-48fb9da9 200
[debug] [2024-08-04T00:52:54.046Z] <<< [apiv2][body] GET https://developerconnect.googleapis.com/v1/projects/alpine-figure-414421/locations/us-central1/operations/operation-1722732773378-61ed0fb000b2c-0ccb6533-48fb9da9 {"name":"projects/alpine-figure-414421/locations/us-central1/operations/operation-1722732773378-61ed0fb000b2c-0ccb6533-48fb9da9","metadata":{"@type":"type.googleapis.com/google.cloud.developerconnect.v1.OperationMetadata","createTime":"2024-08-04T00:52:53.393309860Z","endTime":"2024-08-04T00:52:53.752441551Z","target":"projects/alpine-figure-414421/locations/us-central1/connections/apphosting-github-conn-756ifg9/gitRepositoryLinks/SumyGanas-CodingPortfolio","verb":"create","requestedCancellation":false,"apiVersion":"v1"},"done":true,"response":{"@type":"type.googleapis.com/google.cloud.developerconnect.v1.GitRepositoryLink","name":"projects/alpine-figure-414421/locations/us-central1/connections/apphosting-github-conn-756ifg9/gitRepositoryLinks/SumyGanas-CodingPortfolio","cloneUri":"https://github.com/SumyGanas/CodingPortfolio.git","createTime":"2024-08-04T00:52:53.385116320Z","updateTime":"2024-08-04T00:52:53.385116320Z"}}
[debug] [2024-08-04T00:52:58.692Z] >>> [apiv2][query] GET https://developerconnect.googleapis.com/v1/projects/alpine-figure-414421/locations/us-central1/connections/apphosting-github-conn-756ifg9/gitRepositoryLinks/SumyGanas-CodingPortfolio:fetchGitRefs refType=BRANCH&pageSize=1000&pageToken=
[debug] [2024-08-04T00:52:59.043Z] <<< [apiv2][status] GET https://developerconnect.googleapis.com/v1/projects/alpine-figure-414421/locations/us-central1/connections/apphosting-github-conn-756ifg9/gitRepositoryLinks/SumyGanas-CodingPortfolio:fetchGitRefs 200
[debug] [2024-08-04T00:52:59.044Z] <<< [apiv2][body] GET https://developerconnect.googleapis.com/v1/projects/alpine-figure-414421/locations/us-central1/connections/apphosting-github-conn-756ifg9/gitRepositoryLinks/SumyGanas-CodingPortfolio:fetchGitRefs {}
[warn] ⚠  The branch "main" does not exist on "SumyGanas/CodingPortfolio". Please enter a valid branch for this repo. 
[warn] ⚠  The branch "main" does not exist on "SumyGanas/CodingPortfolio". Please enter a valid branch for this repo. 
[warn] ⚠  The branch "main" does not exist on "SumyGanas/CodingPortfolio". Please enter a valid branch for this repo. 
[debug] [2024-08-04T01:03:59.254Z] ----------------------------------------------------------------------
[debug] [2024-08-04T01:03:59.292Z] Command:       /Users/sumy/.nvm/versions/node/v20.12.0/bin/node /Users/sumy/.nvm/versions/node/v20.12.0/bin/firebase apphosting:backends:create --project alpine-figure-414421 --location us-central1
[debug] [2024-08-04T01:03:59.292Z] CLI Version:   13.15.0
[debug] [2024-08-04T01:03:59.292Z] Platform:      darwin
[debug] [2024-08-04T01:03:59.292Z] Node Version:  v20.12.0
[debug] [2024-08-04T01:03:59.292Z] Time:          Sat Aug 03 2024 21:03:59 GMT-0400 (Eastern Daylight Time)
[debug] [2024-08-04T01:03:59.292Z] ----------------------------------------------------------------------
[debug] 
[debug] [2024-08-04T01:03:59.386Z] >>> [apiv2][query] GET https://serviceusage.googleapis.com/v1/projects/alpine-figure-414421/services/firebaseapphosting.googleapis.com [none]
[debug] [2024-08-04T01:03:59.387Z] >>> [apiv2][(partial)header] GET https://serviceusage.googleapis.com/v1/projects/alpine-figure-414421/services/firebaseapphosting.googleapis.com x-goog-quota-user=projects/alpine-figure-414421
[debug] [2024-08-04T01:04:00.126Z] <<< [apiv2][status] GET https://serviceusage.googleapis.com/v1/projects/alpine-figure-414421/services/firebaseapphosting.googleapis.com 200
[debug] [2024-08-04T01:04:00.126Z] <<< [apiv2][body] GET https://serviceusage.googleapis.com/v1/projects/alpine-figure-414421/services/firebaseapphosting.googleapis.com [omitted]
[debug] [2024-08-04T01:04:00.127Z] >>> [apiv2][query] GET https://mobilesdk-pa.googleapis.com/v1/accessmanagement/tos:getStatus [none]
[debug] [2024-08-04T01:04:00.553Z] <<< [apiv2][status] GET https://mobilesdk-pa.googleapis.com/v1/accessmanagement/tos:getStatus 200
[debug] [2024-08-04T01:04:00.553Z] <<< [apiv2][body] GET https://mobilesdk-pa.googleapis.com/v1/accessmanagement/tos:getStatus {"overallStatus":"ACCEPTED","uTosStatus":{"tos":{"id":"firebase","tosId":"FIREBASE_UNIVERSAL"},"status":"ACCEPTED"},"childTosStatus":[{"tos":{"id":"cloud","tosId":"CLOUD_PLATFORM"},"status":"ACCEPTED"},{"tos":{"id":"firebase_b2b","tosId":"FIREBASE_B2B"},"status":"ACCEPTED"},{"tos":{"id":"universal","tosId":"GOOGLE_APIS"},"status":"ACCEPTED"}],"termsUrl":"https://firebase.google.com/terms","perServiceStatus":[{"tosId":"APP_CHECK","serviceStatus":{"tos":{"id":"app_check","tosId":"APP_CHECK"},"status":"ACCEPTED"}},{"tosId":"APP_HOSTING_TOS","serviceStatus":{"tos":{"id":"app_hosting","tosId":"APP_HOSTING_TOS"},"status":"ACCEPTED"}},{"tosId":"APP_HOSTING_TOS","serviceStatus":{"tos":{"id":"app_hosting","tosId":"APP_HOSTING_TOS"},"status":"ACCEPTED"}},{"tosId":"CORE_APPS","serviceStatus":{"tos":{"id":"core_apps","tosId":"CORE_APPS"},"status":"ACCEPTED"}},{"tosId":"FIREBASE_CRASHLYTICS_APP_DISTRIBUTION","serviceStatus":{"tos":{"id":"firebase_crashlytics_app_distribution","tosId":"FIREBASE_CRASHLYTICS_APP_DISTRIBUTION"},"status":"ACCEPTED"}},{"tosId":"GENERATIVE_LANGUAGE","serviceStatus":{"tos":{"id":"generative-language-api","tosId":"GENERATIVE_LANGUAGE"},"status":"ACCEPTED"}},{"tosId":"FIREBASE_DATA_CONNECT","serviceStatus":{"tos":{"id":"data_connect","tosId":"FIREBASE_DATA_CONNECT"},"status":"ACCEPTED"}}]}
[debug] [2024-08-04T01:04:00.555Z] >>> [apiv2][query] GET https://serviceusage.googleapis.com/v1/projects/alpine-figure-414421/services/developerconnect.googleapis.com [none]
[debug] [2024-08-04T01:04:00.556Z] >>> [apiv2][(partial)header] GET https://serviceusage.googleapis.com/v1/projects/alpine-figure-414421/services/developerconnect.googleapis.com x-goog-quota-user=projects/alpine-figure-414421
[debug] [2024-08-04T01:04:00.557Z] >>> [apiv2][query] GET https://serviceusage.googleapis.com/v1/projects/alpine-figure-414421/services/cloudbuild.googleapis.com [none]
[debug] [2024-08-04T01:04:00.557Z] >>> [apiv2][(partial)header] GET https://serviceusage.googleapis.com/v1/projects/alpine-figure-414421/services/cloudbuild.googleapis.com x-goog-quota-user=projects/alpine-figure-414421
[debug] [2024-08-04T01:04:00.560Z] >>> [apiv2][query] GET https://serviceusage.googleapis.com/v1/projects/alpine-figure-414421/services/secretmanager.googleapis.com [none]
[debug] [2024-08-04T01:04:00.560Z] >>> [apiv2][(partial)header] GET https://serviceusage.googleapis.com/v1/projects/alpine-figure-414421/services/secretmanager.googleapis.com x-goog-quota-user=projects/alpine-figure-414421
[debug] [2024-08-04T01:04:00.562Z] >>> [apiv2][query] GET https://serviceusage.googleapis.com/v1/projects/alpine-figure-414421/services/run.googleapis.com [none]
[debug] [2024-08-04T01:04:00.562Z] >>> [apiv2][(partial)header] GET https://serviceusage.googleapis.com/v1/projects/alpine-figure-414421/services/run.googleapis.com x-goog-quota-user=projects/alpine-figure-414421
[debug] [2024-08-04T01:04:00.564Z] >>> [apiv2][query] GET https://serviceusage.googleapis.com/v1/projects/alpine-figure-414421/services/artifactregistry.googleapis.com [none]
[debug] [2024-08-04T01:04:00.564Z] >>> [apiv2][(partial)header] GET https://serviceusage.googleapis.com/v1/projects/alpine-figure-414421/services/artifactregistry.googleapis.com x-goog-quota-user=projects/alpine-figure-414421
[debug] [2024-08-04T01:04:00.566Z] >>> [apiv2][query] GET https://serviceusage.googleapis.com/v1/projects/alpine-figure-414421/services/iam.googleapis.com [none]
[debug] [2024-08-04T01:04:00.566Z] >>> [apiv2][(partial)header] GET https://serviceusage.googleapis.com/v1/projects/alpine-figure-414421/services/iam.googleapis.com x-goog-quota-user=projects/alpine-figure-414421
[debug] [2024-08-04T01:04:00.934Z] <<< [apiv2][status] GET https://serviceusage.googleapis.com/v1/projects/alpine-figure-414421/services/cloudbuild.googleapis.com 200
[debug] [2024-08-04T01:04:00.934Z] <<< [apiv2][body] GET https://serviceusage.googleapis.com/v1/projects/alpine-figure-414421/services/cloudbuild.googleapis.com [omitted]
[debug] [2024-08-04T01:04:00.935Z] <<< [apiv2][status] GET https://serviceusage.googleapis.com/v1/projects/alpine-figure-414421/services/developerconnect.googleapis.com 200
[debug] [2024-08-04T01:04:00.935Z] <<< [apiv2][body] GET https://serviceusage.googleapis.com/v1/projects/alpine-figure-414421/services/developerconnect.googleapis.com [omitted]
[debug] [2024-08-04T01:04:00.935Z] <<< [apiv2][status] GET https://serviceusage.googleapis.com/v1/projects/alpine-figure-414421/services/iam.googleapis.com 200
[debug] [2024-08-04T01:04:00.936Z] <<< [apiv2][body] GET https://serviceusage.googleapis.com/v1/projects/alpine-figure-414421/services/iam.googleapis.com [omitted]
[debug] [2024-08-04T01:04:00.949Z] <<< [apiv2][status] GET https://serviceusage.googleapis.com/v1/projects/alpine-figure-414421/services/artifactregistry.googleapis.com 200
[debug] [2024-08-04T01:04:00.949Z] <<< [apiv2][body] GET https://serviceusage.googleapis.com/v1/projects/alpine-figure-414421/services/artifactregistry.googleapis.com [omitted]
[debug] [2024-08-04T01:04:00.994Z] <<< [apiv2][status] GET https://serviceusage.googleapis.com/v1/projects/alpine-figure-414421/services/secretmanager.googleapis.com 200
[debug] [2024-08-04T01:04:00.995Z] <<< [apiv2][body] GET https://serviceusage.googleapis.com/v1/projects/alpine-figure-414421/services/secretmanager.googleapis.com [omitted]
[debug] [2024-08-04T01:04:01.043Z] <<< [apiv2][status] GET https://serviceusage.googleapis.com/v1/projects/alpine-figure-414421/services/run.googleapis.com 200
[debug] [2024-08-04T01:04:01.043Z] <<< [apiv2][body] GET https://serviceusage.googleapis.com/v1/projects/alpine-figure-414421/services/run.googleapis.com [omitted]
[debug] [2024-08-04T01:04:01.044Z] >>> [apiv2][query] POST https://iam.googleapis.com/v1/projects/alpine-figure-414421/serviceAccounts/firebase-app-hosting-compute@alpine-figure-414421.iam.gserviceaccount.com:testIamPermissions [none]
[debug] [2024-08-04T01:04:01.044Z] >>> [apiv2][(partial)header] POST https://iam.googleapis.com/v1/projects/alpine-figure-414421/serviceAccounts/firebase-app-hosting-compute@alpine-figure-414421.iam.gserviceaccount.com:testIamPermissions x-goog-quota-user=projects/alpine-figure-414421
[debug] [2024-08-04T01:04:01.044Z] >>> [apiv2][body] POST https://iam.googleapis.com/v1/projects/alpine-figure-414421/serviceAccounts/firebase-app-hosting-compute@alpine-figure-414421.iam.gserviceaccount.com:testIamPermissions {"permissions":["iam.serviceAccounts.actAs"]}
[debug] [2024-08-04T01:04:01.449Z] <<< [apiv2][status] POST https://iam.googleapis.com/v1/projects/alpine-figure-414421/serviceAccounts/firebase-app-hosting-compute@alpine-figure-414421.iam.gserviceaccount.com:testIamPermissions 200
[debug] [2024-08-04T01:04:01.449Z] <<< [apiv2][body] POST https://iam.googleapis.com/v1/projects/alpine-figure-414421/serviceAccounts/firebase-app-hosting-compute@alpine-figure-414421.iam.gserviceaccount.com:testIamPermissions {"permissions":["iam.serviceAccounts.actAs"]}
[debug] [2024-08-04T01:04:01.451Z] >>> [apiv2][query] GET https://firebaseapphosting.googleapis.com/v1alpha/projects/alpine-figure-414421/locations 
[debug] [2024-08-04T01:04:02.009Z] <<< [apiv2][status] GET https://firebaseapphosting.googleapis.com/v1alpha/projects/alpine-figure-414421/locations 200
[debug] [2024-08-04T01:04:02.009Z] <<< [apiv2][body] GET https://firebaseapphosting.googleapis.com/v1alpha/projects/alpine-figure-414421/locations {"locations":[{"name":"projects/alpine-figure-414421/locations/us-central1","locationId":"us-central1"}]}
[info] i  === Import a GitHub repository 
[debug] [2024-08-04T01:04:02.013Z] >>> [apiv2][query] GET https://developerconnect.googleapis.com/v1/projects/alpine-figure-414421/locations/us-central1/connections/firebase-app-hosting-github-oauth [none]
[debug] [2024-08-04T01:04:02.486Z] <<< [apiv2][status] GET https://developerconnect.googleapis.com/v1/projects/alpine-figure-414421/locations/us-central1/connections/firebase-app-hosting-github-oauth 200
[debug] [2024-08-04T01:04:02.486Z] <<< [apiv2][body] GET https://developerconnect.googleapis.com/v1/projects/alpine-figure-414421/locations/us-central1/connections/firebase-app-hosting-github-oauth {"name":"projects/alpine-figure-414421/locations/us-central1/connections/firebase-app-hosting-github-oauth","createTime":"2024-08-04T00:47:23.020918083Z","updateTime":"2024-08-04T00:52:40.572419409Z","githubConfig":{"githubApp":"FIREBASE","authorizerCredential":{"oauthTokenSecretVersion":"projects/alpine-figure-414421/secrets/firebase-app-hosting-github-oauth-github-oauthtoken-120fec/versions/latest","username":"SumyGanas"},"appInstallationId":"53453177","installationUri":"https://github.com/settings/installations/53453177"},"installationState":{"stage":"COMPLETE"}}
[info] ✔  Connected with GitHub successfully
 
[debug] [2024-08-04T01:04:02.487Z] >>> [apiv2][query] GET https://developerconnect.googleapis.com/v1/projects/alpine-figure-414421/locations/us-central1/connections/firebase-app-hosting-github-oauth:fetchGitHubInstallations [none]
[debug] [2024-08-04T01:04:02.762Z] <<< [apiv2][status] GET https://developerconnect.googleapis.com/v1/projects/alpine-figure-414421/locations/us-central1/connections/firebase-app-hosting-github-oauth:fetchGitHubInstallations 200
[debug] [2024-08-04T01:04:02.762Z] <<< [apiv2][body] GET https://developerconnect.googleapis.com/v1/projects/alpine-figure-414421/locations/us-central1/connections/firebase-app-hosting-github-oauth:fetchGitHubInstallations {"installations":[{"id":"53453177","name":"SumyGanas","type":"user"}]}
[debug] [2024-08-04T01:04:06.340Z] >>> [apiv2][query] GET https://developerconnect.googleapis.com/v1/projects/alpine-figure-414421/locations/us-central1/connections pageSize=1000&pageToken=
[debug] [2024-08-04T01:04:06.428Z] <<< [apiv2][status] GET https://developerconnect.googleapis.com/v1/projects/alpine-figure-414421/locations/us-central1/connections 200
[debug] [2024-08-04T01:04:06.429Z] <<< [apiv2][body] GET https://developerconnect.googleapis.com/v1/projects/alpine-figure-414421/locations/us-central1/connections {"connections":[{"name":"projects/alpine-figure-414421/locations/us-central1/connections/apphosting-github-conn-756ifg9","createTime":"2024-08-04T00:52:50.242878806Z","updateTime":"2024-08-04T00:52:50.761578868Z","githubConfig":{"githubApp":"FIREBASE","authorizerCredential":{"oauthTokenSecretVersion":"projects/alpine-figure-414421/secrets/firebase-app-hosting-github-oauth-github-oauthtoken-120fec/versions/latest","username":"SumyGanas"},"appInstallationId":"53453177","installationUri":"https://github.com/settings/installations/53453177"},"installationState":{"stage":"COMPLETE"}},{"name":"projects/alpine-figure-414421/locations/us-central1/connections/firebase-app-hosting-github-oauth","createTime":"2024-08-04T00:47:23.020918083Z","updateTime":"2024-08-04T00:52:40.572419409Z","githubConfig":{"githubApp":"FIREBASE","authorizerCredential":{"oauthTokenSecretVersion":"projects/alpine-figure-414421/secrets/firebase-app-hosting-github-oauth-github-oauthtoken-120fec/versions/latest","username":"SumyGanas"},"appInstallationId":"53453177","installationUri":"https://github.com/settings/installations/53453177"},"installationState":{"stage":"COMPLETE"}}]}
[debug] [2024-08-04T01:04:06.430Z] >>> [apiv2][query] GET https://developerconnect.googleapis.com/v1/projects/alpine-figure-414421/locations/us-central1/connections/apphosting-github-conn-756ifg9:fetchLinkableGitRepositories pageSize=1000&pageToken=
[debug] [2024-08-04T01:04:06.680Z] <<< [apiv2][status] GET https://developerconnect.googleapis.com/v1/projects/alpine-figure-414421/locations/us-central1/connections/apphosting-github-conn-756ifg9:fetchLinkableGitRepositories 200
[debug] [2024-08-04T01:04:06.680Z] <<< [apiv2][body] GET https://developerconnect.googleapis.com/v1/projects/alpine-figure-414421/locations/us-central1/connections/apphosting-github-conn-756ifg9:fetchLinkableGitRepositories {"linkableGitRepositories":[{"cloneUri":"https://github.com/SumyGanas/CodingPortfolio.git"}]}
[debug] [2024-08-04T01:04:08.660Z] >>> [apiv2][query] GET https://developerconnect.googleapis.com/v1/projects/alpine-figure-414421/locations/us-central1/connections/apphosting-github-conn-756ifg9 [none]
[debug] [2024-08-04T01:04:08.734Z] <<< [apiv2][status] GET https://developerconnect.googleapis.com/v1/projects/alpine-figure-414421/locations/us-central1/connections/apphosting-github-conn-756ifg9 200
[debug] [2024-08-04T01:04:08.734Z] <<< [apiv2][body] GET https://developerconnect.googleapis.com/v1/projects/alpine-figure-414421/locations/us-central1/connections/apphosting-github-conn-756ifg9 {"name":"projects/alpine-figure-414421/locations/us-central1/connections/apphosting-github-conn-756ifg9","createTime":"2024-08-04T00:52:50.242878806Z","updateTime":"2024-08-04T00:52:50.761578868Z","githubConfig":{"githubApp":"FIREBASE","authorizerCredential":{"oauthTokenSecretVersion":"projects/alpine-figure-414421/secrets/firebase-app-hosting-github-oauth-github-oauthtoken-120fec/versions/latest","username":"SumyGanas"},"appInstallationId":"53453177","installationUri":"https://github.com/settings/installations/53453177"},"installationState":{"stage":"COMPLETE"}}
[debug] [2024-08-04T01:04:08.735Z] >>> [apiv2][query] GET https://developerconnect.googleapis.com/v1/projects/alpine-figure-414421/locations/us-central1/connections/apphosting-github-conn-756ifg9/gitRepositoryLinks/SumyGanas-CodingPortfolio [none]
[debug] [2024-08-04T01:04:08.817Z] <<< [apiv2][status] GET https://developerconnect.googleapis.com/v1/projects/alpine-figure-414421/locations/us-central1/connections/apphosting-github-conn-756ifg9/gitRepositoryLinks/SumyGanas-CodingPortfolio 200
[debug] [2024-08-04T01:04:08.817Z] <<< [apiv2][body] GET https://developerconnect.googleapis.com/v1/projects/alpine-figure-414421/locations/us-central1/connections/apphosting-github-conn-756ifg9/gitRepositoryLinks/SumyGanas-CodingPortfolio {"name":"projects/alpine-figure-414421/locations/us-central1/connections/apphosting-github-conn-756ifg9/gitRepositoryLinks/SumyGanas-CodingPortfolio","cloneUri":"https://github.com/SumyGanas/CodingPortfolio.git","createTime":"2024-08-04T00:52:53.385116320Z","updateTime":"2024-08-04T00:52:53.791228989Z"}
[debug] [2024-08-04T01:04:10.418Z] >>> [apiv2][query] GET https://developerconnect.googleapis.com/v1/projects/alpine-figure-414421/locations/us-central1/connections/apphosting-github-conn-756ifg9/gitRepositoryLinks/SumyGanas-CodingPortfolio:fetchGitRefs refType=BRANCH&pageSize=1000&pageToken=
[debug] [2024-08-04T01:04:10.766Z] <<< [apiv2][status] GET https://developerconnect.googleapis.com/v1/projects/alpine-figure-414421/locations/us-central1/connections/apphosting-github-conn-756ifg9/gitRepositoryLinks/SumyGanas-CodingPortfolio:fetchGitRefs 200
[debug] [2024-08-04T01:04:10.766Z] <<< [apiv2][body] GET https://developerconnect.googleapis.com/v1/projects/alpine-figure-414421/locations/us-central1/connections/apphosting-github-conn-756ifg9/gitRepositoryLinks/SumyGanas-CodingPortfolio:fetchGitRefs {}
[warn] ⚠  The branch "main" does not exist on "SumyGanas/CodingPortfolio". Please enter a valid branch for this repo. 
[debug] [2024-08-04T01:05:03.282Z] ----------------------------------------------------------------------
[debug] [2024-08-04T01:05:03.287Z] Command:       /Users/sumy/.nvm/versions/node/v20.12.0/bin/node /Users/sumy/.nvm/versions/node/v20.12.0/bin/firebase apphosting:backends:create --project alpine-figure-414421 --location us-central1
[debug] [2024-08-04T01:05:03.288Z] CLI Version:   13.15.0
[debug] [2024-08-04T01:05:03.288Z] Platform:      darwin
[debug] [2024-08-04T01:05:03.288Z] Node Version:  v20.12.0
[debug] [2024-08-04T01:05:03.288Z] Time:          Sat Aug 03 2024 21:05:03 GMT-0400 (Eastern Daylight Time)
[debug] [2024-08-04T01:05:03.288Z] ----------------------------------------------------------------------
[debug] 
[debug] [2024-08-04T01:05:03.328Z] >>> [apiv2][query] GET https://serviceusage.googleapis.com/v1/projects/alpine-figure-414421/services/firebaseapphosting.googleapis.com [none]
[debug] [2024-08-04T01:05:03.328Z] >>> [apiv2][(partial)header] GET https://serviceusage.googleapis.com/v1/projects/alpine-figure-414421/services/firebaseapphosting.googleapis.com x-goog-quota-user=projects/alpine-figure-414421
[debug] [2024-08-04T01:05:03.830Z] <<< [apiv2][status] GET https://serviceusage.googleapis.com/v1/projects/alpine-figure-414421/services/firebaseapphosting.googleapis.com 200
[debug] [2024-08-04T01:05:03.830Z] <<< [apiv2][body] GET https://serviceusage.googleapis.com/v1/projects/alpine-figure-414421/services/firebaseapphosting.googleapis.com [omitted]
[debug] [2024-08-04T01:05:03.831Z] >>> [apiv2][query] GET https://mobilesdk-pa.googleapis.com/v1/accessmanagement/tos:getStatus [none]
[debug] [2024-08-04T01:05:04.084Z] <<< [apiv2][status] GET https://mobilesdk-pa.googleapis.com/v1/accessmanagement/tos:getStatus 200
[debug] [2024-08-04T01:05:04.084Z] <<< [apiv2][body] GET https://mobilesdk-pa.googleapis.com/v1/accessmanagement/tos:getStatus {"overallStatus":"ACCEPTED","uTosStatus":{"tos":{"id":"firebase","tosId":"FIREBASE_UNIVERSAL"},"status":"ACCEPTED"},"childTosStatus":[{"tos":{"id":"cloud","tosId":"CLOUD_PLATFORM"},"status":"ACCEPTED"},{"tos":{"id":"firebase_b2b","tosId":"FIREBASE_B2B"},"status":"ACCEPTED"},{"tos":{"id":"universal","tosId":"GOOGLE_APIS"},"status":"ACCEPTED"}],"termsUrl":"https://firebase.google.com/terms","perServiceStatus":[{"tosId":"APP_CHECK","serviceStatus":{"tos":{"id":"app_check","tosId":"APP_CHECK"},"status":"ACCEPTED"}},{"tosId":"APP_HOSTING_TOS","serviceStatus":{"tos":{"id":"app_hosting","tosId":"APP_HOSTING_TOS"},"status":"ACCEPTED"}},{"tosId":"APP_HOSTING_TOS","serviceStatus":{"tos":{"id":"app_hosting","tosId":"APP_HOSTING_TOS"},"status":"ACCEPTED"}},{"tosId":"CORE_APPS","serviceStatus":{"tos":{"id":"core_apps","tosId":"CORE_APPS"},"status":"ACCEPTED"}},{"tosId":"FIREBASE_CRASHLYTICS_APP_DISTRIBUTION","serviceStatus":{"tos":{"id":"firebase_crashlytics_app_distribution","tosId":"FIREBASE_CRASHLYTICS_APP_DISTRIBUTION"},"status":"ACCEPTED"}},{"tosId":"GENERATIVE_LANGUAGE","serviceStatus":{"tos":{"id":"generative-language-api","tosId":"GENERATIVE_LANGUAGE"},"status":"ACCEPTED"}},{"tosId":"FIREBASE_DATA_CONNECT","serviceStatus":{"tos":{"id":"data_connect","tosId":"FIREBASE_DATA_CONNECT"},"status":"ACCEPTED"}}]}
[debug] [2024-08-04T01:05:04.086Z] >>> [apiv2][query] GET https://serviceusage.googleapis.com/v1/projects/alpine-figure-414421/services/developerconnect.googleapis.com [none]
[debug] [2024-08-04T01:05:04.087Z] >>> [apiv2][(partial)header] GET https://serviceusage.googleapis.com/v1/projects/alpine-figure-414421/services/developerconnect.googleapis.com x-goog-quota-user=projects/alpine-figure-414421
[debug] [2024-08-04T01:05:04.088Z] >>> [apiv2][query] GET https://serviceusage.googleapis.com/v1/projects/alpine-figure-414421/services/cloudbuild.googleapis.com [none]
[debug] [2024-08-04T01:05:04.088Z] >>> [apiv2][(partial)header] GET https://serviceusage.googleapis.com/v1/projects/alpine-figure-414421/services/cloudbuild.googleapis.com x-goog-quota-user=projects/alpine-figure-414421
[debug] [2024-08-04T01:05:04.091Z] >>> [apiv2][query] GET https://serviceusage.googleapis.com/v1/projects/alpine-figure-414421/services/secretmanager.googleapis.com [none]
[debug] [2024-08-04T01:05:04.091Z] >>> [apiv2][(partial)header] GET https://serviceusage.googleapis.com/v1/projects/alpine-figure-414421/services/secretmanager.googleapis.com x-goog-quota-user=projects/alpine-figure-414421
[debug] [2024-08-04T01:05:04.093Z] >>> [apiv2][query] GET https://serviceusage.googleapis.com/v1/projects/alpine-figure-414421/services/run.googleapis.com [none]
[debug] [2024-08-04T01:05:04.093Z] >>> [apiv2][(partial)header] GET https://serviceusage.googleapis.com/v1/projects/alpine-figure-414421/services/run.googleapis.com x-goog-quota-user=projects/alpine-figure-414421
[debug] [2024-08-04T01:05:04.095Z] >>> [apiv2][query] GET https://serviceusage.googleapis.com/v1/projects/alpine-figure-414421/services/artifactregistry.googleapis.com [none]
[debug] [2024-08-04T01:05:04.095Z] >>> [apiv2][(partial)header] GET https://serviceusage.googleapis.com/v1/projects/alpine-figure-414421/services/artifactregistry.googleapis.com x-goog-quota-user=projects/alpine-figure-414421
[debug] [2024-08-04T01:05:04.097Z] >>> [apiv2][query] GET https://serviceusage.googleapis.com/v1/projects/alpine-figure-414421/services/iam.googleapis.com [none]
[debug] [2024-08-04T01:05:04.097Z] >>> [apiv2][(partial)header] GET https://serviceusage.googleapis.com/v1/projects/alpine-figure-414421/services/iam.googleapis.com x-goog-quota-user=projects/alpine-figure-414421
[debug] [2024-08-04T01:05:04.356Z] <<< [apiv2][status] GET https://serviceusage.googleapis.com/v1/projects/alpine-figure-414421/services/developerconnect.googleapis.com 200
[debug] [2024-08-04T01:05:04.356Z] <<< [apiv2][body] GET https://serviceusage.googleapis.com/v1/projects/alpine-figure-414421/services/developerconnect.googleapis.com [omitted]
[debug] [2024-08-04T01:05:04.392Z] <<< [apiv2][status] GET https://serviceusage.googleapis.com/v1/projects/alpine-figure-414421/services/secretmanager.googleapis.com 200
[debug] [2024-08-04T01:05:04.393Z] <<< [apiv2][body] GET https://serviceusage.googleapis.com/v1/projects/alpine-figure-414421/services/secretmanager.googleapis.com [omitted]
[debug] [2024-08-04T01:05:04.436Z] <<< [apiv2][status] GET https://serviceusage.googleapis.com/v1/projects/alpine-figure-414421/services/iam.googleapis.com 200
[debug] [2024-08-04T01:05:04.437Z] <<< [apiv2][body] GET https://serviceusage.googleapis.com/v1/projects/alpine-figure-414421/services/iam.googleapis.com [omitted]
[debug] [2024-08-04T01:05:04.459Z] <<< [apiv2][status] GET https://serviceusage.googleapis.com/v1/projects/alpine-figure-414421/services/artifactregistry.googleapis.com 200
[debug] [2024-08-04T01:05:04.460Z] <<< [apiv2][body] GET https://serviceusage.googleapis.com/v1/projects/alpine-figure-414421/services/artifactregistry.googleapis.com [omitted]
[debug] [2024-08-04T01:05:04.460Z] <<< [apiv2][status] GET https://serviceusage.googleapis.com/v1/projects/alpine-figure-414421/services/cloudbuild.googleapis.com 200
[debug] [2024-08-04T01:05:04.460Z] <<< [apiv2][body] GET https://serviceusage.googleapis.com/v1/projects/alpine-figure-414421/services/cloudbuild.googleapis.com [omitted]
[debug] [2024-08-04T01:05:04.468Z] <<< [apiv2][status] GET https://serviceusage.googleapis.com/v1/projects/alpine-figure-414421/services/run.googleapis.com 200
[debug] [2024-08-04T01:05:04.468Z] <<< [apiv2][body] GET https://serviceusage.googleapis.com/v1/projects/alpine-figure-414421/services/run.googleapis.com [omitted]
[debug] [2024-08-04T01:05:04.469Z] >>> [apiv2][query] POST https://iam.googleapis.com/v1/projects/alpine-figure-414421/serviceAccounts/firebase-app-hosting-compute@alpine-figure-414421.iam.gserviceaccount.com:testIamPermissions [none]
[debug] [2024-08-04T01:05:04.469Z] >>> [apiv2][(partial)header] POST https://iam.googleapis.com/v1/projects/alpine-figure-414421/serviceAccounts/firebase-app-hosting-compute@alpine-figure-414421.iam.gserviceaccount.com:testIamPermissions x-goog-quota-user=projects/alpine-figure-414421
[debug] [2024-08-04T01:05:04.469Z] >>> [apiv2][body] POST https://iam.googleapis.com/v1/projects/alpine-figure-414421/serviceAccounts/firebase-app-hosting-compute@alpine-figure-414421.iam.gserviceaccount.com:testIamPermissions {"permissions":["iam.serviceAccounts.actAs"]}
[debug] [2024-08-04T01:05:04.587Z] <<< [apiv2][status] POST https://iam.googleapis.com/v1/projects/alpine-figure-414421/serviceAccounts/firebase-app-hosting-compute@alpine-figure-414421.iam.gserviceaccount.com:testIamPermissions 200
[debug] [2024-08-04T01:05:04.587Z] <<< [apiv2][body] POST https://iam.googleapis.com/v1/projects/alpine-figure-414421/serviceAccounts/firebase-app-hosting-compute@alpine-figure-414421.iam.gserviceaccount.com:testIamPermissions {"permissions":["iam.serviceAccounts.actAs"]}
[debug] [2024-08-04T01:05:04.589Z] >>> [apiv2][query] GET https://firebaseapphosting.googleapis.com/v1alpha/projects/alpine-figure-414421/locations 
[debug] [2024-08-04T01:05:04.852Z] <<< [apiv2][status] GET https://firebaseapphosting.googleapis.com/v1alpha/projects/alpine-figure-414421/locations 200
[debug] [2024-08-04T01:05:04.852Z] <<< [apiv2][body] GET https://firebaseapphosting.googleapis.com/v1alpha/projects/alpine-figure-414421/locations {"locations":[{"name":"projects/alpine-figure-414421/locations/us-central1","locationId":"us-central1"}]}
[info] i  === Import a GitHub repository 
[debug] [2024-08-04T01:05:04.856Z] >>> [apiv2][query] GET https://developerconnect.googleapis.com/v1/projects/alpine-figure-414421/locations/us-central1/connections/firebase-app-hosting-github-oauth [none]
[debug] [2024-08-04T01:05:05.093Z] <<< [apiv2][status] GET https://developerconnect.googleapis.com/v1/projects/alpine-figure-414421/locations/us-central1/connections/firebase-app-hosting-github-oauth 200
[debug] [2024-08-04T01:05:05.093Z] <<< [apiv2][body] GET https://developerconnect.googleapis.com/v1/projects/alpine-figure-414421/locations/us-central1/connections/firebase-app-hosting-github-oauth {"name":"projects/alpine-figure-414421/locations/us-central1/connections/firebase-app-hosting-github-oauth","createTime":"2024-08-04T00:47:23.020918083Z","updateTime":"2024-08-04T00:52:40.572419409Z","githubConfig":{"githubApp":"FIREBASE","authorizerCredential":{"oauthTokenSecretVersion":"projects/alpine-figure-414421/secrets/firebase-app-hosting-github-oauth-github-oauthtoken-120fec/versions/latest","username":"SumyGanas"},"appInstallationId":"53453177","installationUri":"https://github.com/settings/installations/53453177"},"installationState":{"stage":"COMPLETE"}}
[info] ✔  Connected with GitHub successfully
 
[debug] [2024-08-04T01:05:05.095Z] >>> [apiv2][query] GET https://developerconnect.googleapis.com/v1/projects/alpine-figure-414421/locations/us-central1/connections/firebase-app-hosting-github-oauth:fetchGitHubInstallations [none]
[debug] [2024-08-04T01:05:05.346Z] <<< [apiv2][status] GET https://developerconnect.googleapis.com/v1/projects/alpine-figure-414421/locations/us-central1/connections/firebase-app-hosting-github-oauth:fetchGitHubInstallations 200
[debug] [2024-08-04T01:05:05.347Z] <<< [apiv2][body] GET https://developerconnect.googleapis.com/v1/projects/alpine-figure-414421/locations/us-central1/connections/firebase-app-hosting-github-oauth:fetchGitHubInstallations {"installations":[{"id":"53453177","name":"SumyGanas","type":"user"}]}
[debug] [2024-08-04T01:05:06.624Z] >>> [apiv2][query] GET https://developerconnect.googleapis.com/v1/projects/alpine-figure-414421/locations/us-central1/connections pageSize=1000&pageToken=
[debug] [2024-08-04T01:05:06.711Z] <<< [apiv2][status] GET https://developerconnect.googleapis.com/v1/projects/alpine-figure-414421/locations/us-central1/connections 200
[debug] [2024-08-04T01:05:06.711Z] <<< [apiv2][body] GET https://developerconnect.googleapis.com/v1/projects/alpine-figure-414421/locations/us-central1/connections {"connections":[{"name":"projects/alpine-figure-414421/locations/us-central1/connections/apphosting-github-conn-756ifg9","createTime":"2024-08-04T00:52:50.242878806Z","updateTime":"2024-08-04T00:52:50.761578868Z","githubConfig":{"githubApp":"FIREBASE","authorizerCredential":{"oauthTokenSecretVersion":"projects/alpine-figure-414421/secrets/firebase-app-hosting-github-oauth-github-oauthtoken-120fec/versions/latest","username":"SumyGanas"},"appInstallationId":"53453177","installationUri":"https://github.com/settings/installations/53453177"},"installationState":{"stage":"COMPLETE"}},{"name":"projects/alpine-figure-414421/locations/us-central1/connections/firebase-app-hosting-github-oauth","createTime":"2024-08-04T00:47:23.020918083Z","updateTime":"2024-08-04T00:52:40.572419409Z","githubConfig":{"githubApp":"FIREBASE","authorizerCredential":{"oauthTokenSecretVersion":"projects/alpine-figure-414421/secrets/firebase-app-hosting-github-oauth-github-oauthtoken-120fec/versions/latest","username":"SumyGanas"},"appInstallationId":"53453177","installationUri":"https://github.com/settings/installations/53453177"},"installationState":{"stage":"COMPLETE"}}]}
[debug] [2024-08-04T01:05:06.712Z] >>> [apiv2][query] GET https://developerconnect.googleapis.com/v1/projects/alpine-figure-414421/locations/us-central1/connections/apphosting-github-conn-756ifg9:fetchLinkableGitRepositories pageSize=1000&pageToken=
[debug] [2024-08-04T01:05:06.982Z] <<< [apiv2][status] GET https://developerconnect.googleapis.com/v1/projects/alpine-figure-414421/locations/us-central1/connections/apphosting-github-conn-756ifg9:fetchLinkableGitRepositories 200
[debug] [2024-08-04T01:05:06.982Z] <<< [apiv2][body] GET https://developerconnect.googleapis.com/v1/projects/alpine-figure-414421/locations/us-central1/connections/apphosting-github-conn-756ifg9:fetchLinkableGitRepositories {"linkableGitRepositories":[{"cloneUri":"https://github.com/SumyGanas/CodingPortfolio.git"}]}
[debug] [2024-08-04T01:05:08.131Z] >>> [apiv2][query] GET https://developerconnect.googleapis.com/v1/projects/alpine-figure-414421/locations/us-central1/connections/apphosting-github-conn-756ifg9 [none]
[debug] [2024-08-04T01:05:08.208Z] <<< [apiv2][status] GET https://developerconnect.googleapis.com/v1/projects/alpine-figure-414421/locations/us-central1/connections/apphosting-github-conn-756ifg9 200
[debug] [2024-08-04T01:05:08.208Z] <<< [apiv2][body] GET https://developerconnect.googleapis.com/v1/projects/alpine-figure-414421/locations/us-central1/connections/apphosting-github-conn-756ifg9 {"name":"projects/alpine-figure-414421/locations/us-central1/connections/apphosting-github-conn-756ifg9","createTime":"2024-08-04T00:52:50.242878806Z","updateTime":"2024-08-04T00:52:50.761578868Z","githubConfig":{"githubApp":"FIREBASE","authorizerCredential":{"oauthTokenSecretVersion":"projects/alpine-figure-414421/secrets/firebase-app-hosting-github-oauth-github-oauthtoken-120fec/versions/latest","username":"SumyGanas"},"appInstallationId":"53453177","installationUri":"https://github.com/settings/installations/53453177"},"installationState":{"stage":"COMPLETE"}}
[debug] [2024-08-04T01:05:08.209Z] >>> [apiv2][query] GET https://developerconnect.googleapis.com/v1/projects/alpine-figure-414421/locations/us-central1/connections/apphosting-github-conn-756ifg9/gitRepositoryLinks/SumyGanas-CodingPortfolio [none]
[debug] [2024-08-04T01:05:08.290Z] <<< [apiv2][status] GET https://developerconnect.googleapis.com/v1/projects/alpine-figure-414421/locations/us-central1/connections/apphosting-github-conn-756ifg9/gitRepositoryLinks/SumyGanas-CodingPortfolio 200
[debug] [2024-08-04T01:05:08.290Z] <<< [apiv2][body] GET https://developerconnect.googleapis.com/v1/projects/alpine-figure-414421/locations/us-central1/connections/apphosting-github-conn-756ifg9/gitRepositoryLinks/SumyGanas-CodingPortfolio {"name":"projects/alpine-figure-414421/locations/us-central1/connections/apphosting-github-conn-756ifg9/gitRepositoryLinks/SumyGanas-CodingPortfolio","cloneUri":"https://github.com/SumyGanas/CodingPortfolio.git","createTime":"2024-08-04T00:52:53.385116320Z","updateTime":"2024-08-04T00:52:53.791228989Z"}
[debug] [2024-08-04T01:05:09.511Z] >>> [apiv2][query] GET https://developerconnect.googleapis.com/v1/projects/alpine-figure-414421/locations/us-central1/connections/apphosting-github-conn-756ifg9/gitRepositoryLinks/SumyGanas-CodingPortfolio:fetchGitRefs refType=BRANCH&pageSize=1000&pageToken=
[debug] [2024-08-04T01:05:09.866Z] <<< [apiv2][status] GET https://developerconnect.googleapis.com/v1/projects/alpine-figure-414421/locations/us-central1/connections/apphosting-github-conn-756ifg9/gitRepositoryLinks/SumyGanas-CodingPortfolio:fetchGitRefs 200
[debug] [2024-08-04T01:05:09.866Z] <<< [apiv2][body] GET https://developerconnect.googleapis.com/v1/projects/alpine-figure-414421/locations/us-central1/connections/apphosting-github-conn-756ifg9/gitRepositoryLinks/SumyGanas-CodingPortfolio:fetchGitRefs {}
[warn] ⚠  The branch "main" does not exist on "SumyGanas/CodingPortfolio". Please enter a valid branch for this repo. 
